Серверный модуль логов
 2021-05-14 12:30:17,207 INFO server_log_config Серверный модуль логов
Клиентский модуль логов
 2021-05-14 12:30:28,806 INFO client_log_config Клиентский модуль логов
Сообщение: Привет, клиент
 2021-05-14 12:30:33,472 INFO client Сообщение: Привет, клиент
 2021-05-14 12:30:55,089 INFO server_log_config Серверный модуль логов
 2021-05-14 12:30:57,916 INFO client_log_config Клиентский модуль логов
 2021-05-14 12:31:01,415 INFO client Сообщение: Привет, клиент
 2021-05-14 12:31:52,717 INFO server_log_config Серверный модуль логов
 2021-05-14 12:32:00,095 INFO client_log_config Клиентский модуль логов
 2021-05-14 12:32:03,438 INFO server_log_config Серверный модуль логов
 2021-05-14 12:32:12,425 INFO server Сообщение: Привет, сервер
 2021-05-14 12:32:12,425 INFO client Сообщение: Привет, клиент
 2021-05-14 12:32:15,829 INFO server Сообщение: Привет, сервер
 2021-05-14 12:32:15,829 INFO client Сообщение: Привет, клиент
 2021-05-14 12:35:15,148 INFO server_log_config Серверный модуль логов
 2021-05-14 12:35:33,778 INFO server Сообщение: Привет, сервер
 2021-05-14 12:35:33,778 INFO client Сообщение: Привет, клиент
 2021-05-14 12:35:33,778 INFO client Сообщение: Клиент отработал
 2021-05-14 12:35:48,656 INFO server Сообщение: Привет, сервер
 2021-05-14 12:35:48,656 INFO client Сообщение: Привет, клиент
 2021-05-14 12:35:48,657 INFO client Сообщение: Клиент отработал
 2021-05-14 12:36:27,202 INFO server Сообщение: Привет, сервер
 2021-05-14 12:36:27,202 INFO client Сообщение: Привет, клиент
 2021-05-14 12:36:27,202 INFO client Сообщение: Клиент отработал
 2021-05-14 12:37:42,623 INFO server Сообщение: Привет, сервер
 2021-05-14 12:37:42,623 INFO server Сообщение: Сервер отработал
 2021-05-14 12:37:42,623 INFO client Сообщение: Привет, клиент
 2021-05-14 12:37:42,623 INFO client Сообщение: Клиент отработал
